<?xml version="1.0" encoding="UTF-8"?>
<!-- Generated by org.testng.reporters.JUnitReportReporter -->
<testsuite skipped="0" hostname="Dev-C1BF-Neeraj" name="TC001_SignInButton" tests="1" failures="0" timestamp="12 Dec 2016 10:33:02 GMT" time="17.384" errors="0">
  <testcase name="clickSignInNavigateHomePage" time="17.384" classname="TC001_SignInButton"/>
</testsuite> <!-- TC001_SignInButton -->
