<?xml version="1.0" encoding="UTF-8"?>
<!-- Generated by org.testng.reporters.JUnitReportReporter -->
<testsuite skipped="0" hostname="Dev-C1BF-Neeraj" name="TC003_Login" tests="3" failures="0" timestamp="12 Dec 2016 10:33:02 GMT" time="8.330" errors="0">
  <testcase name="successFulLogin" time="1.868" classname="TC003_Login"/>
  <testcase name="verifyUserName" time="0.060" classname="TC003_Login"/>
  <testcase name="failedLogin" time="6.402" classname="TC003_Login"/>
</testsuite> <!-- TC003_Login -->
